Using pre-set license
Built from '2020.3/release' branch; Version is '2020.3.1f1 (77a89f25062f) revision 7841951'; Using compiler version '192528614'; Build Type 'Release'
OS: 'Windows 10 Pro; OS build 19041.867; Version 2004; 64bit' Language: 'hu' Physical Memory: 16296 MB
BatchMode: 1, IsHumanControllingUs: 0, StartBugReporterOnCrash: 0, Is64bit: 1, IsPro: 0

 COMMAND LINE ARGUMENTS:
C:\Program Files\Unity\Hub\Editor\2020.3.1f1\Editor\Unity.exe
-adb2
-batchMode
-noUpm
-name
AssetImportWorker0
-projectPath
C:/Users/Mamibaba/OneDrive/Documents/unity/Octree
-logFile
Logs/AssetImportWorker0.log
-srvPort
54761
Successfully changed project path to: C:/Users/Mamibaba/OneDrive/Documents/unity/Octree
C:/Users/Mamibaba/OneDrive/Documents/unity/Octree
Using Asset Import Pipeline V2.
Refreshing native plugins compatible for Editor in 25.52 ms, found 0 plugins.
Preloading 0 native plugins for Editor in 0.00 ms.
Initialize engine version: 2020.3.1f1 (77a89f25062f)
[Subsystems] Discovering subsystems at path C:/Program Files/Unity/Hub/Editor/2020.3.1f1/Editor/Data/Resources/UnitySubsystems
[Subsystems] Discovering subsystems at path C:/Users/Mamibaba/OneDrive/Documents/unity/Octree/Assets
GfxDevice: creating device client; threaded=0
Direct3D:
    Version:  Direct3D 11.0 [level 11.0]
    Renderer: NVIDIA GeForce GTX 960M (ID=0x139b)
    Vendor:   
    VRAM:     4055 MB
    Driver:   27.21.14.6192
Initialize mono
Mono path[0] = 'C:/Program Files/Unity/Hub/Editor/2020.3.1f1/Editor/Data/Managed'
Mono path[1] = 'C:/Program Files/Unity/Hub/Editor/2020.3.1f1/Editor/Data/MonoBleedingEdge/lib/mono/unityjit'
Mono config path = 'C:/Program Files/Unity/Hub/Editor/2020.3.1f1/Editor/Data/MonoBleedingEdge/etc'
Using monoOptions --debugger-agent=transport=dt_socket,embedding=1,server=y,suspend=n,address=127.0.0.1:56276
Begin MonoManager ReloadAssembly
Registering precompiled unity dll's ...
Register platform support module: C:/Program Files/Unity/Hub/Editor/2020.3.1f1/Editor/Data/PlaybackEngines/WindowsStandaloneSupport/UnityEditor.WindowsStandalone.Extensions.dll
Registered in 0.002388 seconds.
Native extension for WindowsStandalone target not found
Refreshing native plugins compatible for Editor in 25.69 ms, found 0 plugins.
Preloading 0 native plugins for Editor in 0.00 ms.
Invoked RoslynAnalysisRunner static constructor.
RoslynAnalysisRunner will not be running.
RoslynAnalysisRunner has terminated.
Mono: successfully reloaded assembly
- Completed reload, in  1.166 seconds
Platform modules already initialized, skipping
Registering precompiled user dll's ...
Registered in 0.000805 seconds.
Begin MonoManager ReloadAssembly
Native extension for WindowsStandalone target not found
Refreshing native plugins compatible for Editor in 0.25 ms, found 0 plugins.
Preloading 0 native plugins for Editor in 0.00 ms.
Invoked RoslynAnalysisRunner static constructor.
RoslynAnalysisRunner will not be running.
RoslynAnalysisRunner has terminated.
Mono: successfully reloaded assembly
- Completed reload, in  0.974 seconds
Platform modules already initialized, skipping
========================================================================
Worker process is ready to serve import requests
Launched and connected shader compiler UnityShaderCompiler.exe after 0.04 seconds
Refreshing native plugins compatible for Editor in 0.36 ms, found 0 plugins.
Preloading 0 native plugins for Editor in 0.00 ms.
Unloading 1185 Unused Serialized files (Serialized files now loaded: 0)
System memory in use before: 58.6 MB.
System memory in use after: 58.6 MB.

Unloading 10 unused Assets to reduce memory usage. Loaded Objects now: 1627.
Total: 2.656200 ms (FindLiveObjects: 0.381600 ms CreateObjectMapping: 0.171100 ms MarkObjects: 2.012200 ms  DeleteObjects: 0.089600 ms)

========================================================================
Received Import Request.
  path: Assets/Prototype/Octree/Chunk.prefab
  artifactKey: Guid(5309287582a16e84ea40afeefee64169) Importer(815301076,1909f56bfc062723c751e8b465ee728b)
Start importing Assets/Prototype/Octree/Chunk.prefab using Guid(5309287582a16e84ea40afeefee64169) Importer(815301076,1909f56bfc062723c751e8b465ee728b)  -> (artifact id: 'ba13427627f751d13c906a6719b40ba4') in 0.052215 seconds
  Import took 0.054878 seconds .

========================================================================
Received Import Request.
  Time since last request: 0.000210 seconds.
  path: Assets/Prototype/Octree
  artifactKey: Guid(52f6611e30d6f164d8c0b1f107e3aa8f) Importer(815301076,1909f56bfc062723c751e8b465ee728b)
Start importing Assets/Prototype/Octree using Guid(52f6611e30d6f164d8c0b1f107e3aa8f) Importer(815301076,1909f56bfc062723c751e8b465ee728b)  -> (artifact id: 'fe06b77033d318f80874e7183df261ad') in 0.010325 seconds
  Import took 0.013255 seconds .

========================================================================
Received Import Request.
  Time since last request: 0.000183 seconds.
  path: Assets/Prototype/Octree/Planet.mat
  artifactKey: Guid(b4acf0743f04f104588d38eb2201928e) Importer(815301076,1909f56bfc062723c751e8b465ee728b)
Start importing Assets/Prototype/Octree/Planet.mat using Guid(b4acf0743f04f104588d38eb2201928e) Importer(815301076,1909f56bfc062723c751e8b465ee728b)  -> (artifact id: 'dae9e09cd1a136447540a480edfaae8e') in 1.219609 seconds
  Import took 1.222187 seconds .

========================================================================
Received Import Request.
  Time since last request: 0.000214 seconds.
  path: Assets/Prototype/Octree2/oc2.unity
  artifactKey: Guid(558fd43e5aaa39c4f9a6b19923c63d2d) Importer(815301076,1909f56bfc062723c751e8b465ee728b)
Start importing Assets/Prototype/Octree2/oc2.unity using Guid(558fd43e5aaa39c4f9a6b19923c63d2d) Importer(815301076,1909f56bfc062723c751e8b465ee728b)  -> (artifact id: 'fb4742d0774546b3b12b5bf485172cc9') in 0.008764 seconds
  Import took 0.010869 seconds .

AssetImportWorkerClient::OnTransportError - code=2 error=End of file
